<?xml version="1.0" encoding="UTF-8"?>
<!-- Generated by org.testng.reporters.JUnitReportReporter -->
<testsuite skipped="0" hostname="DESKTOP-QNMGL77" name="com.training.sanity.tests.RETC_050_RestoreProperty" tests="2" failures="0" timestamp="2019-10-11T00:33:20 EDT" time="24.423" errors="0">
  <testcase name="validLoginTest" time="5.990" classname="com.training.sanity.tests.RETC_050_RestoreProperty"/>
  <testcase name="RestorePropertyTrash" time="18.433" classname="com.training.sanity.tests.RETC_050_RestoreProperty"/>
</testsuite> <!-- com.training.sanity.tests.RETC_050_RestoreProperty -->
