<?xml version="1.0" encoding="UTF-8"?>
<!-- Generated by org.testng.reporters.JUnitReportReporter -->
<testsuite skipped="0" hostname="DESKTOP-QNMGL77" name="com.training.sanity.tests.NewTest" tests="1" failures="0" timestamp="2019-09-30T08:56:42 EDT" time="8.895" errors="0">
  <testcase name="f" time="8.895" classname="com.training.sanity.tests.NewTest"/>
</testsuite> <!-- com.training.sanity.tests.NewTest -->
