<?xml version="1.0" encoding="UTF-8"?>
<!-- Generated by org.testng.reporters.JUnitReportReporter -->
<testsuite skipped="0" hostname="DESKTOP-QNMGL77" name="com.training.sanity.tests.LoginNDeleteProperty" tests="2" failures="0" timestamp="2019-10-03T09:50:51 EDT" time="16.784" errors="0">
  <testcase name="validLoginTest" time="4.358" classname="com.training.sanity.tests.LoginNDeleteProperty"/>
  <testcase name="DeletePropertyTrash" time="12.426" classname="com.training.sanity.tests.LoginNDeleteProperty"/>
</testsuite> <!-- com.training.sanity.tests.LoginNDeleteProperty -->
