<?xml version="1.0" encoding="UTF-8"?>
<!-- Generated by org.testng.reporters.JUnitReportReporter -->
<testsuite skipped="0" hostname="DESKTOP-QNMGL77" name="com.training.sanity.tests.RETC_080_AddProperty" tests="2" failures="0" timestamp="2019-10-15T00:35:26 EDT" time="56.071" errors="0">
  <testcase name="validLoginTest" time="5.268" classname="com.training.sanity.tests.RETC_080_AddProperty"/>
  <testcase name="addProperty" time="50.803" classname="com.training.sanity.tests.RETC_080_AddProperty"/>
</testsuite> <!-- com.training.sanity.tests.RETC_080_AddProperty -->
