<?xml version="1.0" encoding="UTF-8"?>
<!-- Generated by org.testng.reporters.JUnitReportReporter -->
<testsuite skipped="0" hostname="DESKTOP-QNMGL77" name="com.training.sanity.tests.RETC_079_AddFeatures" tests="2" failures="0" timestamp="2019-10-13T23:27:49 EDT" time="6.852" errors="0">
  <testcase name="adminLogin" time="2.804" classname="com.training.sanity.tests.RETC_079_AddFeatures"/>
  <testcase name="addFeatureTest" time="4.048" classname="com.training.sanity.tests.RETC_079_AddFeatures"/>
</testsuite> <!-- com.training.sanity.tests.RETC_079_AddFeatures -->
