<?xml version="1.0" encoding="UTF-8"?>
<!-- Generated by org.testng.reporters.JUnitReportReporter -->
<testsuite skipped="0" hostname="IBMADM-SG916TS" name="com.training.sanity.tests.LoginNAddDeleteCategoryNTag" tests="4" failures="0" timestamp="26 Sep 2019 04:21:24 GMT" time="33.389" errors="0">
  <testcase name="validLoginTest" time="7.350" classname="com.training.sanity.tests.LoginNAddDeleteCategoryNTag"/>
  <testcase name="SelectDeleteCategory" time="14.169" classname="com.training.sanity.tests.LoginNAddDeleteCategoryNTag"/>
  <testcase name="SelectAddNewTags" time="5.024" classname="com.training.sanity.tests.LoginNAddDeleteCategoryNTag"/>
  <testcase name="TagDeletion" time="6.846" classname="com.training.sanity.tests.LoginNAddDeleteCategoryNTag"/>
</testsuite> <!-- com.training.sanity.tests.LoginNAddDeleteCategoryNTag -->
