<?xml version="1.0" encoding="UTF-8"?>
<!-- Generated by org.testng.reporters.JUnitReportReporter -->
<testsuite skipped="0" hostname="DESKTOP-QNMGL77" name="com.training.sanity.tests.RETC_051_BlogPost" tests="2" failures="0" timestamp="2019-10-13T19:24:08 EDT" time="34.017" errors="0">
  <testcase name="BlogPostReply" time="23.787" classname="com.training.sanity.tests.RETC_051_BlogPost"/>
  <testcase name="validLoginTest" time="10.230" classname="com.training.sanity.tests.RETC_051_BlogPost"/>
</testsuite> <!-- com.training.sanity.tests.RETC_051_BlogPost -->
