<?xml version="1.0" encoding="UTF-8"?>
<!-- Generated by org.testng.reporters.JUnitReportReporter -->
<testsuite skipped="1" hostname="DESKTOP-QNMGL77" name="com.training.regression.tests.AddFeatureExcelTest" tests="2" failures="0" timestamp="2019-10-13T22:04:21 EDT" time="5.189" errors="0">
  <testcase name="adminLogin" time="5.189" classname="com.training.regression.tests.AddFeatureExcelTest"/>
  <testcase name="loginDBTest" time="0.000" classname="com.training.regression.tests.AddFeatureExcelTest">
    <skipped/>
  </testcase> <!-- loginDBTest -->
</testsuite> <!-- com.training.regression.tests.AddFeatureExcelTest -->
