<?xml version="1.0" encoding="UTF-8"?>
<!-- Generated by org.testng.reporters.JUnitReportReporter -->
<testsuite skipped="0" hostname="DESKTOP-QNMGL77" name="com.training.sanity.tests.LoginTests" tests="1" failures="0" timestamp="2019-10-15T00:32:15 EDT" time="5.567" errors="0">
  <testcase name="validLoginTest" time="5.567" classname="com.training.sanity.tests.LoginTests"/>
</testsuite> <!-- com.training.sanity.tests.LoginTests -->
