<?xml version="1.0" encoding="UTF-8"?>
<!-- Generated by org.testng.reporters.JUnitReportReporter -->
<testsuite skipped="0" hostname="DESKTOP-QNMGL77" name="com.training.sanity.tests.test11" tests="1" failures="0" timestamp="27 Sep 2019 07:59:01 GMT" time="0.008" errors="0">
  <testcase name="f" time="0.008" classname="com.training.sanity.tests.test11"/>
</testsuite> <!-- com.training.sanity.tests.test11 -->
