<?xml version="1.0" encoding="UTF-8"?>
<!-- Generated by org.testng.reporters.JUnitReportReporter -->
<testsuite skipped="0" hostname="IBMADM-SG916TS" name="com.training.sanity.tests.LoginNDeleteCategory" tests="2" failures="0" timestamp="26 Sep 2019 03:01:23 GMT" time="19.014" errors="0">
  <testcase name="validLoginTest" time="7.088" classname="com.training.sanity.tests.LoginNDeleteCategory"/>
  <testcase name="SelectDeleteCategory" time="11.926" classname="com.training.sanity.tests.LoginNDeleteCategory"/>
</testsuite> <!-- com.training.sanity.tests.LoginNDeleteCategory -->
